#
# A fatal error has been detected by the Java Runtime Environment:
#
#  EXCEPTION_ACCESS_VIOLATION (0xc0000005) at pc=0x0000000000000000, pid=1500, tid=1736
#
# JRE version: Java(TM) SE Runtime Environment (17.0.6+9) (build 17.0.6+9-LTS-190)
# Java VM: Java HotSpot(TM) 64-Bit Server VM (17.0.6+9-LTS-190, mixed mode, emulated-client, sharing, tiered, compressed oops, compressed class ptrs, g1 gc, windows-amd64)
# Problematic frame:
# C  0x0000000000000000
#
# No core dump will be written. Minidumps are not enabled by default on client versions of Windows
#
# If you would like to submit a bug report, please visit:
#   https://bugreport.java.com/bugreport/crash.jsp
# The crash happened outside the Java Virtual Machine in native code.
# See problematic frame for where to report the bug.
#

---------------  S U M M A R Y ------------

Command Line: -XX:TieredStopAtLevel=1 -Dspring.output.ansi.enabled=always -Dcom.sun.management.jmxremote -Dspring.jmx.enabled=true -Dspring.liveBeansView.mbeanDomain -Dspring.application.admin.enabled=true -Dmanagement.endpoints.jmx.exposure.include=* -javaagent:C:\Program Files\JetBrains\IntelliJ IDEA 2024.2.4\lib\idea_rt.jar=50829:C:\Program Files\JetBrains\IntelliJ IDEA 2024.2.4\bin -Dfile.encoding=UTF-8 tn.esprit.spring.studycasebi.StudyCaseBiApplication

Host: 11th Gen Intel(R) Core(TM) i5-1135G7 @ 2.40GHz, 8 cores, 7G,  Windows 10 , 64 bit Build 19041 (10.0.19041.5915)
Time: Wed Oct  1 18:27:12 2025 Afr. centrale Ouest elapsed time: 12.680169 seconds (0d 0h 0m 12s)

---------------  T H R E A D  ---------------

Current thread (0x0000024a4e8f78a0):  JavaThread "RMI TCP Connection(2)-10.210.213.159" daemon [_thread_in_native, id=1736, stack(0x000000cfcb200000,0x000000cfcb300000)]

Stack: [0x000000cfcb200000,0x000000cfcb300000],  sp=0x000000cfcb2fb348,  free space=1004k
Native frames: (J=compiled Java code, j=interpreted, Vv=VM code, C=native code)

Java frames: (J=compiled Java code, j=interpreted, Vv=VM code)
j  com.sun.management.internal.OperatingSystemImpl.getProcessCpuLoad0()D+0 jdk.management@17.0.6
j  com.sun.management.internal.OperatingSystemImpl.getProcessCpuLoad()D+1 jdk.management@17.0.6
v  ~StubRoutines::call_stub
j  jdk.internal.reflect.NativeMethodAccessorImpl.invoke0(Ljava/lang/reflect/Method;Ljava/lang/Object;[Ljava/lang/Object;)Ljava/lang/Object;+0 java.base@17.0.6
j  jdk.internal.reflect.NativeMethodAccessorImpl.invoke(Ljava/lang/Object;[Ljava/lang/Object;)Ljava/lang/Object;+133 java.base@17.0.6
j  jdk.internal.reflect.DelegatingMethodAccessorImpl.invoke(Ljava/lang/Object;[Ljava/lang/Object;)Ljava/lang/Object;+6 java.base@17.0.6
j  java.lang.reflect.Method.invoke(Ljava/lang/Object;[Ljava/lang/Object;)Ljava/lang/Object;+59 java.base@17.0.6
j  sun.reflect.misc.Trampoline.invoke(Ljava/lang/reflect/Method;Ljava/lang/Object;[Ljava/lang/Object;)Ljava/lang/Object;+7
v  ~StubRoutines::call_stub
j  jdk.internal.reflect.NativeMethodAccessorImpl.invoke0(Ljava/lang/reflect/Method;Ljava/lang/Object;[Ljava/lang/Object;)Ljava/lang/Object;+0 java.base@17.0.6
j  jdk.internal.reflect.NativeMethodAccessorImpl.invoke(Ljava/lang/Object;[Ljava/lang/Object;)Ljava/lang/Object;+133 java.base@17.0.6
j  jdk.internal.reflect.DelegatingMethodAccessorImpl.invoke(Ljava/lang/Object;[Ljava/lang/Object;)Ljava/lang/Object;+6 java.base@17.0.6
j  java.lang.reflect.Method.invoke(Ljava/lang/Object;[Ljava/lang/Object;)Ljava/lang/Object;+59 java.base@17.0.6
j  sun.reflect.misc.MethodUtil.invoke(Ljava/lang/reflect/Method;Ljava/lang/Object;[Ljava/lang/Object;)Ljava/lang/Object;+20 java.base@17.0.6
j  com.sun.jmx.mbeanserver.ConvertingMethod.invokeWithOpenReturn(Ljava/lang/Object;[Ljava/lang/Object;)Ljava/lang/Object;+42 java.management@17.0.6
j  com.sun.jmx.mbeanserver.ConvertingMethod.invokeWithOpenReturn(Lcom/sun/jmx/mbeanserver/MXBeanLookup;Ljava/lang/Object;[Ljava/lang/Object;)Ljava/lang/Object;+12 java.management@17.0.6
j  com.sun.jmx.mbeanserver.MXBeanIntrospector.invokeM2(Lcom/sun/jmx/mbeanserver/ConvertingMethod;Ljava/lang/Object;[Ljava/lang/Object;Ljava/lang/Object;)Ljava/lang/Object;+8 java.management@17.0.6
j  com.sun.jmx.mbeanserver.MXBeanIntrospector.invokeM2(Ljava/lang/Object;Ljava/lang/Object;[Ljava/lang/Object;Ljava/lang/Object;)Ljava/lang/Object;+9 java.management@17.0.6
j  com.sun.jmx.mbeanserver.MBeanIntrospector.invokeM(Ljava/lang/Object;Ljava/lang/Object;[Ljava/lang/Object;Ljava/lang/Object;)Ljava/lang/Object;+6 java.management@17.0.6
j  com.sun.jmx.mbeanserver.PerInterface.getAttribute(Ljava/lang/Object;Ljava/lang/String;Ljava/lang/Object;)Ljava/lang/Object;+71 java.management@17.0.6
j  com.sun.jmx.mbeanserver.MBeanSupport.getAttribute(Ljava/lang/String;)Ljava/lang/Object;+13 java.management@17.0.6
j  javax.management.StandardMBean.getAttribute(Ljava/lang/String;)Ljava/lang/Object;+5 java.management@17.0.6
j  com.sun.jmx.interceptor.DefaultMBeanServerInterceptor.getAttribute(Ljavax/management/ObjectName;Ljava/lang/String;)Ljava/lang/Object;+104 java.management@17.0.6
j  com.sun.jmx.mbeanserver.JmxMBeanServer.getAttribute(Ljavax/management/ObjectName;Ljava/lang/String;)Ljava/lang/Object;+10 java.management@17.0.6
j  javax.management.remote.rmi.RMIConnectionImpl.doOperation(I[Ljava/lang/Object;)Ljava/lang/Object;+252 java.management.rmi@17.0.6
j  javax.management.remote.rmi.RMIConnectionImpl$PrivilegedOperation.run()Ljava/lang/Object;+12 java.management.rmi@17.0.6
j  javax.management.remote.rmi.RMIConnectionImpl.doPrivilegedOperation(I[Ljava/lang/Object;Ljavax/security/auth/Subject;)Ljava/lang/Object;+81 java.management.rmi@17.0.6
j  javax.management.remote.rmi.RMIConnectionImpl.getAttribute(Ljavax/management/ObjectName;Ljava/lang/String;Ljavax/security/auth/Subject;)Ljava/lang/Object;+49 java.management.rmi@17.0.6
v  ~StubRoutines::call_stub
j  jdk.internal.reflect.NativeMethodAccessorImpl.invoke0(Ljava/lang/reflect/Method;Ljava/lang/Object;[Ljava/lang/Object;)Ljava/lang/Object;+0 java.base@17.0.6
j  jdk.internal.reflect.NativeMethodAccessorImpl.invoke(Ljava/lang/Object;[Ljava/lang/Object;)Ljava/lang/Object;+133 java.base@17.0.6
j  jdk.internal.reflect.DelegatingMethodAccessorImpl.invoke(Ljava/lang/Object;[Ljava/lang/Object;)Ljava/lang/Object;+6 java.base@17.0.6
j  java.lang.reflect.Method.invoke(Ljava/lang/Object;[Ljava/lang/Object;)Ljava/lang/Object;+59 java.base@17.0.6
j  sun.rmi.server.UnicastServerRef.dispatch(Ljava/rmi/Remote;Ljava/rmi/server/RemoteCall;)V+264 java.rmi@17.0.6
j  sun.rmi.transport.Transport$1.run()Ljava/lang/Void;+23 java.rmi@17.0.6
j  sun.rmi.transport.Transport$1.run()Ljava/lang/Object;+1 java.rmi@17.0.6
j  java.security.AccessController.executePrivileged(Ljava/security/PrivilegedExceptionAction;Ljava/security/AccessControlContext;Ljava/lang/Class;)Ljava/lang/Object;+29 java.base@17.0.6
j  java.security.AccessController.doPrivileged(Ljava/security/PrivilegedExceptionAction;Ljava/security/AccessControlContext;)Ljava/lang/Object;+13 java.base@17.0.6
j  sun.rmi.transport.Transport.serviceCall(Ljava/rmi/server/RemoteCall;)Z+157 java.rmi@17.0.6
j  sun.rmi.transport.tcp.TCPTransport.handleMessages(Lsun/rmi/transport/Connection;Z)V+145 java.rmi@17.0.6
j  sun.rmi.transport.tcp.TCPTransport$ConnectionHandler.run0()V+522 java.rmi@17.0.6
j  sun.rmi.transport.tcp.TCPTransport$ConnectionHandler.lambda$run$0()Ljava/lang/Void;+1 java.rmi@17.0.6
j  sun.rmi.transport.tcp.TCPTransport$ConnectionHandler$$Lambda$100+0x0000000800c95e18.run()Ljava/lang/Object;+4 java.rmi@17.0.6
J 839 c1 java.security.AccessController.executePrivileged(Ljava/security/PrivilegedAction;Ljava/security/AccessControlContext;Ljava/lang/Class;)Ljava/lang/Object; java.base@17.0.6 (65 bytes) @ 0x0000024a42a35f0c [0x0000024a42a35ec0+0x000000000000004c]
j  java.security.AccessController.doPrivileged(Ljava/security/PrivilegedAction;Ljava/security/AccessControlContext;)Ljava/lang/Object;+13 java.base@17.0.6
j  sun.rmi.transport.tcp.TCPTransport$ConnectionHandler.run()V+37 java.rmi@17.0.6
j  java.util.concurrent.ThreadPoolExecutor.runWorker(Ljava/util/concurrent/ThreadPoolExecutor$Worker;)V+92 java.base@17.0.6
j  java.util.concurrent.ThreadPoolExecutor$Worker.run()V+5 java.base@17.0.6
j  java.lang.Thread.run()V+11 java.base@17.0.6
v  ~StubRoutines::call_stub

siginfo: EXCEPTION_ACCESS_VIOLATION (0xc0000005), data execution prevention violation at address 0x0000000000000000


Register to memory mapping:

RIP=0x0 is NULL
RAX=0x0 is NULL
RBX=0x0000024a4e9eb2c8 points into unknown readable memory: 0x005100530053004d | 4d 00 53 00 53 00 51 00
RCX=0x0000024a4e9eb2c8 points into unknown readable memory: 0x005100530053004d | 4d 00 53 00 53 00 51 00
RDX=0x0 is NULL
RSP=0x000000cfcb2fb348 is pointing into the stack for thread: 0x0000024a4e8f78a0
RBP=0x000000cfcb2fbc19 is pointing into the stack for thread: 0x0000024a4e8f78a0
RSI=0x0 is NULL
RDI=0x0000000067244340 perf-MSSQLSERVER-sqlctr11.0.2100.60.dll
R8 =0x0000000067244340 perf-MSSQLSERVER-sqlctr11.0.2100.60.dll
R9 =0x000000cfcb2fb380 is pointing into the stack for thread: 0x0000024a4e8f78a0
R10=0x0 is NULL
R11=0x000000cfc97b5000 points into unknown readable memory: 0x0000000004000000 | 00 00 00 04 00 00 00 00
R12=0x0000024a4e9eb2e8 points into unknown readable memory: 0x005100530053004d | 4d 00 53 00 53 00 51 00
R13=0x0000024a4e9eb000 points into unknown readable memory: 0x0000024a4eb34a80 | 80 4a b3 4e 4a 02 00 00
R14=0x0 is NULL
R15=0x0 is NULL


Registers:
RAX=0x0000000000000000, RBX=0x0000024a4e9eb2c8, RCX=0x0000024a4e9eb2c8, RDX=0x0000000000000000
RSP=0x000000cfcb2fb348, RBP=0x000000cfcb2fbc19, RSI=0x0000000000000000, RDI=0x0000000067244340
R8 =0x0000000067244340, R9 =0x000000cfcb2fb380, R10=0x0000000000000000, R11=0x000000cfc97b5000
R12=0x0000024a4e9eb2e8, R13=0x0000024a4e9eb000, R14=0x0000000000000000, R15=0x0000000000000000
RIP=0x0000000000000000, EFLAGS=0x0000000000010206

Top of Stack: (sp=0x000000cfcb2fb348)
0x000000cfcb2fb348:   00000000672398cf 0000024a4e9eb2c8
0x000000cfcb2fb358:   0000000000000000 0000000067244340
0x000000cfcb2fb368:   000000cfcb2fb380 0000024a4e9eb2c8
0x000000cfcb2fb378:   00007ffc8128c866 0000024a00000105
0x000000cfcb2fb388:   00007ffc0000000f 0000000000000938
0x000000cfcb2fb398:   0000000000000000 000000cfcb2fbc19
0x000000cfcb2fb3a8:   0000000000000000 0000000000000000
0x000000cfcb2fb3b8:   0000000000000032 0000000000000000
0x000000cfcb2fb3c8:   000000006723bacb 0000000000000000
0x000000cfcb2fb3d8:   0000000000000000 0000024a4e9eb2c8
0x000000cfcb2fb3e8:   0000000000000000 000000cfcb2fb410
0x000000cfcb2fb3f8:   000000cfffffffff c7c6c5c4c3c2c1c0
0x000000cfcb2fb408:   cfcecdcccbcac9c8 0050005c003a0063
0x000000cfcb2fb418:   00720067006f0072 00460020006d0061
0x000000cfcb2fb428:   00730065006c0069 00630069004d005c
0x000000cfcb2fb438:   006f0073006f0072 0053002000740066 

Instructions: (pc=0x0000000000000000)
0xffffffffffffff00:   


Stack slot to memory mapping:
stack at sp + 0 slots: 0x00000000672398cf perf-MSSQLSERVER-sqlctr11.0.2100.60.dll
stack at sp + 1 slots: 0x0000024a4e9eb2c8 points into unknown readable memory: 0x005100530053004d | 4d 00 53 00 53 00 51 00
stack at sp + 2 slots: 0x0 is NULL
stack at sp + 3 slots: 0x0000000067244340 perf-MSSQLSERVER-sqlctr11.0.2100.60.dll
stack at sp + 4 slots: 0x000000cfcb2fb380 is pointing into the stack for thread: 0x0000024a4e8f78a0
stack at sp + 5 slots: 0x0000024a4e9eb2c8 points into unknown readable memory: 0x005100530053004d | 4d 00 53 00 53 00 51 00
stack at sp + 6 slots: 0x00007ffc8128c866 KERNELBASE.dll
stack at sp + 7 slots: 0x0000024a00000105 is an unknown value


---------------  P R O C E S S  ---------------

Threads class SMR info:
_java_thread_list=0x0000024a50055db0, length=20, elements={
0x0000024a39650820, 0x0000024a4d3df4c0, 0x0000024a4d3e1d90, 0x0000024a4d3f1ff0,
0x0000024a4d3f28b0, 0x0000024a4d3f3170, 0x0000024a4d3f5a40, 0x0000024a4d3f63b0,
0x0000024a4d3fa1b0, 0x0000024a4d3cba90, 0x0000024a4e45db00, 0x0000024a4e460460,
0x0000024a4e50dc70, 0x0000024a4e589a50, 0x0000024a4e5ac4c0, 0x0000024a4e7335d0,
0x0000024a4e8f78a0, 0x0000024a4e975aa0, 0x0000024a4e980f90, 0x0000024a4e971400
}

Java Threads: ( => current thread )
  0x0000024a39650820 JavaThread "main" [_thread_in_native, id=13864, stack(0x000000cfc9b00000,0x000000cfc9c00000)]
  0x0000024a4d3df4c0 JavaThread "Reference Handler" daemon [_thread_blocked, id=14244, stack(0x000000cfca200000,0x000000cfca300000)]
  0x0000024a4d3e1d90 JavaThread "Finalizer" daemon [_thread_blocked, id=21264, stack(0x000000cfca300000,0x000000cfca400000)]
  0x0000024a4d3f1ff0 JavaThread "Signal Dispatcher" daemon [_thread_blocked, id=7656, stack(0x000000cfca400000,0x000000cfca500000)]
  0x0000024a4d3f28b0 JavaThread "Attach Listener" daemon [_thread_blocked, id=15412, stack(0x000000cfca500000,0x000000cfca600000)]
  0x0000024a4d3f3170 JavaThread "Service Thread" daemon [_thread_blocked, id=9476, stack(0x000000cfca600000,0x000000cfca700000)]
  0x0000024a4d3f5a40 JavaThread "Monitor Deflation Thread" daemon [_thread_blocked, id=9244, stack(0x000000cfca700000,0x000000cfca800000)]
  0x0000024a4d3f63b0 JavaThread "C1 CompilerThread0" daemon [_thread_blocked, id=3564, stack(0x000000cfca800000,0x000000cfca900000)]
  0x0000024a4d3fa1b0 JavaThread "Sweeper thread" daemon [_thread_blocked, id=528, stack(0x000000cfca900000,0x000000cfcaa00000)]
  0x0000024a4d3cba90 JavaThread "Common-Cleaner" daemon [_thread_blocked, id=14824, stack(0x000000cfcaa00000,0x000000cfcab00000)]
  0x0000024a4e45db00 JavaThread "Monitor Ctrl-Break" daemon [_thread_in_native, id=16608, stack(0x000000cfcab00000,0x000000cfcac00000)]
  0x0000024a4e460460 JavaThread "Notification Thread" daemon [_thread_blocked, id=3256, stack(0x000000cfcac00000,0x000000cfcad00000)]
  0x0000024a4e50dc70 JavaThread "C1 CompilerThread1" daemon [_thread_blocked, id=7592, stack(0x000000cfcad00000,0x000000cfcae00000)]
  0x0000024a4e589a50 JavaThread "C1 CompilerThread2" daemon [_thread_blocked, id=19076, stack(0x000000cfcae00000,0x000000cfcaf00000)]
  0x0000024a4e5ac4c0 JavaThread "RMI TCP Accept-0" daemon [_thread_in_native, id=13680, stack(0x000000cfcaf00000,0x000000cfcb000000)]
  0x0000024a4e7335d0 JavaThread "RMI TCP Connection(1)-10.210.213.159" daemon [_thread_in_native, id=16048, stack(0x000000cfcb000000,0x000000cfcb100000)]
=>0x0000024a4e8f78a0 JavaThread "RMI TCP Connection(2)-10.210.213.159" daemon [_thread_in_native, id=1736, stack(0x000000cfcb200000,0x000000cfcb300000)]
  0x0000024a4e975aa0 JavaThread "RMI Scheduler(0)" daemon [_thread_blocked, id=10596, stack(0x000000cfcb400000,0x000000cfcb500000)]
  0x0000024a4e980f90 JavaThread "JMX server connection timeout 22" daemon [_thread_blocked, id=15436, stack(0x000000cfcb500000,0x000000cfcb600000)]
  0x0000024a4e971400 JavaThread "Thread-0" [_thread_in_vm, id=19000, stack(0x000000cfcbe00000,0x000000cfcbf00000)]

Other Threads:
  0x0000024a4d3d9c10 VMThread "VM Thread" [stack: 0x000000cfca100000,0x000000cfca200000] [id=22204]
  0x0000024a396bc8d0 WatcherThread [stack: 0x000000cfcb100000,0x000000cfcb200000] [id=1112]
  0x0000024a396a9120 GCTaskThread "GC Thread#0" [stack: 0x000000cfc9c00000,0x000000cfc9d00000] [id=6552]
  0x0000024a4ea01850 GCTaskThread "GC Thread#1" [stack: 0x000000cfcb300000,0x000000cfcb400000] [id=20120]
  0x0000024a4ea1a1c0 GCTaskThread "GC Thread#2" [stack: 0x000000cfcb600000,0x000000cfcb700000] [id=19288]
  0x0000024a4ea51a70 GCTaskThread "GC Thread#3" [stack: 0x000000cfcb700000,0x000000cfcb800000] [id=4736]
  0x0000024a4eaa0cb0 GCTaskThread "GC Thread#4" [stack: 0x000000cfcb800000,0x000000cfcb900000] [id=22096]
  0x0000024a4ea9efe0 GCTaskThread "GC Thread#5" [stack: 0x000000cfcb900000,0x000000cfcba00000] [id=19428]
  0x0000024a4ea99280 GCTaskThread "GC Thread#6" [stack: 0x000000cfcba00000,0x000000cfcbb00000] [id=22456]
  0x0000024a4eab3e70 GCTaskThread "GC Thread#7" [stack: 0x000000cfcbb00000,0x000000cfcbc00000] [id=5492]
  0x0000024a396b5af0 ConcurrentGCThread "G1 Main Marker" [stack: 0x000000cfc9d00000,0x000000cfc9e00000] [id=21416]
  0x0000024a394be300 ConcurrentGCThread "G1 Conc#0" [stack: 0x000000cfc9e00000,0x000000cfc9f00000] [id=11496]
  0x0000024a4d27d9d0 ConcurrentGCThread "G1 Refine#0" [stack: 0x000000cfc9f00000,0x000000cfca000000] [id=19904]
  0x0000024a4ea70ad0 ConcurrentGCThread "G1 Refine#1" [stack: 0x000000cfcbc00000,0x000000cfcbd00000] [id=16760]
  0x0000024a4e744aa0 ConcurrentGCThread "G1 Refine#2" [stack: 0x000000cfcbd00000,0x000000cfcbe00000] [id=15816]
  0x0000024a4d27f210 ConcurrentGCThread "G1 Service" [stack: 0x000000cfca000000,0x000000cfca100000] [id=21012]

Threads with active compile tasks:

VM state: not at safepoint (normal execution)

VM Mutex/Monitor currently owned by a thread: None

Heap address: 0x0000000084200000, size: 1982 MB, Compressed Oops mode: 32-bit

CDS archive(s) mapped at: [0x0000000800000000-0x0000000800bd0000-0x0000000800bd0000), size 12386304, SharedBaseAddress: 0x0000000800000000, ArchiveRelocationMode: 0.
Compressed class space mapped at: 0x0000000800c00000-0x0000000840c00000, reserved size: 1073741824
Narrow klass base: 0x0000000800000000, Narrow klass shift: 0, Narrow klass range: 0x100000000

GC Precious Log:
 CPUs: 8 total, 8 available
 Memory: 7926M
 Large Page Support: Disabled
 NUMA Support: Disabled
 Compressed Oops: Enabled (32-bit)
 Heap Region Size: 1M
 Heap Min Capacity: 8M
 Heap Initial Capacity: 124M
 Heap Max Capacity: 1982M
 Pre-touch: Disabled
 Parallel Workers: 8
 Concurrent Workers: 2
 Concurrent Refinement Workers: 8
 Periodic GC: Disabled

Heap:
 garbage-first heap   total 126976K, used 32654K [0x0000000084200000, 0x0000000100000000)
  region size 1024K, 27 young (27648K), 2 survivors (2048K)
 Metaspace       used 17608K, committed 17920K, reserved 1064960K
  class space    used 2344K, committed 2496K, reserved 1048576K

Heap Regions: E=young(eden), S=young(survivor), O=old, HS=humongous(starts), HC=humongous(continues), CS=collection set, F=free, OA=open archive, CA=closed archive, TAMS=top-at-mark-start (previous, next)
|   0|0x0000000084200000, 0x0000000084300000, 0x0000000084300000|100%|HS|  |TAMS 0x0000000084200000, 0x0000000084200000| Complete 
|   1|0x0000000084300000, 0x0000000084400000, 0x0000000084400000|100%| O|  |TAMS 0x0000000084300000, 0x0000000084300000| Untracked 
|   2|0x0000000084400000, 0x0000000084500000, 0x0000000084500000|100%| O|  |TAMS 0x0000000084400000, 0x0000000084400000| Untracked 
|   3|0x0000000084500000, 0x0000000084600000, 0x0000000084600000|100%| O|  |TAMS 0x0000000084500000, 0x0000000084500000| Untracked 
|   4|0x0000000084600000, 0x0000000084700000, 0x0000000084700000|100%| O|  |TAMS 0x0000000084600000, 0x0000000084600000| Untracked 
|   5|0x0000000084700000, 0x0000000084800000, 0x0000000084800000|100%| O|  |TAMS 0x0000000084700000, 0x0000000084700000| Untracked 
|   6|0x0000000084800000, 0x0000000084900000, 0x0000000084900000|100%| O|  |TAMS 0x0000000084800000, 0x0000000084800000| Untracked 
|   7|0x0000000084900000, 0x000000008496bc00, 0x0000000084a00000| 42%| O|  |TAMS 0x0000000084900000, 0x0000000084900000| Untracked 
|   8|0x0000000084a00000, 0x0000000084a00000, 0x0000000084b00000|  0%| F|  |TAMS 0x0000000084a00000, 0x0000000084a00000| Untracked 
|   9|0x0000000084b00000, 0x0000000084b00000, 0x0000000084c00000|  0%| F|  |TAMS 0x0000000084b00000, 0x0000000084b00000| Untracked 
|  10|0x0000000084c00000, 0x0000000084c00000, 0x0000000084d00000|  0%| F|  |TAMS 0x0000000084c00000, 0x0000000084c00000| Untracked 
|  11|0x0000000084d00000, 0x0000000084d00000, 0x0000000084e00000|  0%| F|  |TAMS 0x0000000084d00000, 0x0000000084d00000| Untracked 
|  12|0x0000000084e00000, 0x0000000084e00000, 0x0000000084f00000|  0%| F|  |TAMS 0x0000000084e00000, 0x0000000084e00000| Untracked 
|  13|0x0000000084f00000, 0x0000000084f00000, 0x0000000085000000|  0%| F|  |TAMS 0x0000000084f00000, 0x0000000084f00000| Untracked 
|  14|0x0000000085000000, 0x0000000085000000, 0x0000000085100000|  0%| F|  |TAMS 0x0000000085000000, 0x0000000085000000| Untracked 
|  15|0x0000000085100000, 0x0000000085100000, 0x0000000085200000|  0%| F|  |TAMS 0x0000000085100000, 0x0000000085100000| Untracked 
|  16|0x0000000085200000, 0x0000000085200000, 0x0000000085300000|  0%| F|  |TAMS 0x0000000085200000, 0x0000000085200000| Untracked 
|  17|0x0000000085300000, 0x0000000085300000, 0x0000000085400000|  0%| F|  |TAMS 0x0000000085300000, 0x0000000085300000| Untracked 
|  18|0x0000000085400000, 0x0000000085400000, 0x0000000085500000|  0%| F|  |TAMS 0x0000000085400000, 0x0000000085400000| Untracked 
|  19|0x0000000085500000, 0x0000000085500000, 0x0000000085600000|  0%| F|  |TAMS 0x0000000085500000, 0x0000000085500000| Untracked 
|  20|0x0000000085600000, 0x0000000085600000, 0x0000000085700000|  0%| F|  |TAMS 0x0000000085600000, 0x0000000085600000| Untracked 
|  21|0x0000000085700000, 0x0000000085700000, 0x0000000085800000|  0%| F|  |TAMS 0x0000000085700000, 0x0000000085700000| Untracked 
|  22|0x0000000085800000, 0x0000000085800000, 0x0000000085900000|  0%| F|  |TAMS 0x0000000085800000, 0x0000000085800000| Untracked 
|  23|0x0000000085900000, 0x0000000085900000, 0x0000000085a00000|  0%| F|  |TAMS 0x0000000085900000, 0x0000000085900000| Untracked 
|  24|0x0000000085a00000, 0x0000000085a00000, 0x0000000085b00000|  0%| F|  |TAMS 0x0000000085a00000, 0x0000000085a00000| Untracked 
|  25|0x0000000085b00000, 0x0000000085b00000, 0x0000000085c00000|  0%| F|  |TAMS 0x0000000085b00000, 0x0000000085b00000| Untracked 
|  26|0x0000000085c00000, 0x0000000085c00000, 0x0000000085d00000|  0%| F|  |TAMS 0x0000000085c00000, 0x0000000085c00000| Untracked 
|  27|0x0000000085d00000, 0x0000000085d00000, 0x0000000085e00000|  0%| F|  |TAMS 0x0000000085d00000, 0x0000000085d00000| Untracked 
|  28|0x0000000085e00000, 0x0000000085e00000, 0x0000000085f00000|  0%| F|  |TAMS 0x0000000085e00000, 0x0000000085e00000| Untracked 
|  29|0x0000000085f00000, 0x0000000085f00000, 0x0000000086000000|  0%| F|  |TAMS 0x0000000085f00000, 0x0000000085f00000| Untracked 
|  30|0x0000000086000000, 0x0000000086000000, 0x0000000086100000|  0%| F|  |TAMS 0x0000000086000000, 0x0000000086000000| Untracked 
|  31|0x0000000086100000, 0x0000000086100000, 0x0000000086200000|  0%| F|  |TAMS 0x0000000086100000, 0x0000000086100000| Untracked 
|  32|0x0000000086200000, 0x0000000086200000, 0x0000000086300000|  0%| F|  |TAMS 0x0000000086200000, 0x0000000086200000| Untracked 
|  33|0x0000000086300000, 0x0000000086300000, 0x0000000086400000|  0%| F|  |TAMS 0x0000000086300000, 0x0000000086300000| Untracked 
|  34|0x0000000086400000, 0x0000000086400000, 0x0000000086500000|  0%| F|  |TAMS 0x0000000086400000, 0x0000000086400000| Untracked 
|  35|0x0000000086500000, 0x0000000086500000, 0x0000000086600000|  0%| F|  |TAMS 0x0000000086500000, 0x0000000086500000| Untracked 
|  36|0x0000000086600000, 0x0000000086600000, 0x0000000086700000|  0%| F|  |TAMS 0x0000000086600000, 0x0000000086600000| Untracked 
|  37|0x0000000086700000, 0x0000000086700000, 0x0000000086800000|  0%| F|  |TAMS 0x0000000086700000, 0x0000000086700000| Untracked 
|  38|0x0000000086800000, 0x0000000086800000, 0x0000000086900000|  0%| F|  |TAMS 0x0000000086800000, 0x0000000086800000| Untracked 
|  39|0x0000000086900000, 0x0000000086900000, 0x0000000086a00000|  0%| F|  |TAMS 0x0000000086900000, 0x0000000086900000| Untracked 
|  40|0x0000000086a00000, 0x0000000086a00000, 0x0000000086b00000|  0%| F|  |TAMS 0x0000000086a00000, 0x0000000086a00000| Untracked 
|  41|0x0000000086b00000, 0x0000000086b00000, 0x0000000086c00000|  0%| F|  |TAMS 0x0000000086b00000, 0x0000000086b00000| Untracked 
|  42|0x0000000086c00000, 0x0000000086c00000, 0x0000000086d00000|  0%| F|  |TAMS 0x0000000086c00000, 0x0000000086c00000| Untracked 
|  43|0x0000000086d00000, 0x0000000086d00000, 0x0000000086e00000|  0%| F|  |TAMS 0x0000000086d00000, 0x0000000086d00000| Untracked 
|  44|0x0000000086e00000, 0x0000000086e00000, 0x0000000086f00000|  0%| F|  |TAMS 0x0000000086e00000, 0x0000000086e00000| Untracked 
|  45|0x0000000086f00000, 0x0000000086f00000, 0x0000000087000000|  0%| F|  |TAMS 0x0000000086f00000, 0x0000000086f00000| Untracked 
|  46|0x0000000087000000, 0x0000000087000000, 0x0000000087100000|  0%| F|  |TAMS 0x0000000087000000, 0x0000000087000000| Untracked 
|  47|0x0000000087100000, 0x0000000087100000, 0x0000000087200000|  0%| F|  |TAMS 0x0000000087100000, 0x0000000087100000| Untracked 
|  48|0x0000000087200000, 0x0000000087200000, 0x0000000087300000|  0%| F|  |TAMS 0x0000000087200000, 0x0000000087200000| Untracked 
|  49|0x0000000087300000, 0x0000000087300000, 0x0000000087400000|  0%| F|  |TAMS 0x0000000087300000, 0x0000000087300000| Untracked 
|  50|0x0000000087400000, 0x0000000087400000, 0x0000000087500000|  0%| F|  |TAMS 0x0000000087400000, 0x0000000087400000| Untracked 
|  51|0x0000000087500000, 0x0000000087500000, 0x0000000087600000|  0%| F|  |TAMS 0x0000000087500000, 0x0000000087500000| Untracked 
|  52|0x0000000087600000, 0x0000000087600000, 0x0000000087700000|  0%| F|  |TAMS 0x0000000087600000, 0x0000000087600000| Untracked 
|  53|0x0000000087700000, 0x0000000087700000, 0x0000000087800000|  0%| F|  |TAMS 0x0000000087700000, 0x0000000087700000| Untracked 
|  54|0x0000000087800000, 0x0000000087800000, 0x0000000087900000|  0%| F|  |TAMS 0x0000000087800000, 0x0000000087800000| Untracked 
|  55|0x0000000087900000, 0x0000000087900000, 0x0000000087a00000|  0%| F|  |TAMS 0x0000000087900000, 0x0000000087900000| Untracked 
|  56|0x0000000087a00000, 0x0000000087a00000, 0x0000000087b00000|  0%| F|  |TAMS 0x0000000087a00000, 0x0000000087a00000| Untracked 
|  57|0x0000000087b00000, 0x0000000087b00000, 0x0000000087c00000|  0%| F|  |TAMS 0x0000000087b00000, 0x0000000087b00000| Untracked 
|  58|0x0000000087c00000, 0x0000000087c00000, 0x0000000087d00000|  0%| F|  |TAMS 0x0000000087c00000, 0x0000000087c00000| Untracked 
|  59|0x0000000087d00000, 0x0000000087d00000, 0x0000000087e00000|  0%| F|  |TAMS 0x0000000087d00000, 0x0000000087d00000| Untracked 
|  60|0x0000000087e00000, 0x0000000087e00000, 0x0000000087f00000|  0%| F|  |TAMS 0x0000000087e00000, 0x0000000087e00000| Untracked 
|  61|0x0000000087f00000, 0x0000000087f00000, 0x0000000088000000|  0%| F|  |TAMS 0x0000000087f00000, 0x0000000087f00000| Untracked 
|  62|0x0000000088000000, 0x0000000088000000, 0x0000000088100000|  0%| F|  |TAMS 0x0000000088000000, 0x0000000088000000| Untracked 
|  63|0x0000000088100000, 0x0000000088100000, 0x0000000088200000|  0%| F|  |TAMS 0x0000000088100000, 0x0000000088100000| Untracked 
|  64|0x0000000088200000, 0x0000000088200000, 0x0000000088300000|  0%| F|  |TAMS 0x0000000088200000, 0x0000000088200000| Untracked 
|  65|0x0000000088300000, 0x0000000088300000, 0x0000000088400000|  0%| F|  |TAMS 0x0000000088300000, 0x0000000088300000| Untracked 
|  66|0x0000000088400000, 0x0000000088400000, 0x0000000088500000|  0%| F|  |TAMS 0x0000000088400000, 0x0000000088400000| Untracked 
|  67|0x0000000088500000, 0x0000000088500000, 0x0000000088600000|  0%| F|  |TAMS 0x0000000088500000, 0x0000000088500000| Untracked 
|  68|0x0000000088600000, 0x0000000088600000, 0x0000000088700000|  0%| F|  |TAMS 0x0000000088600000, 0x0000000088600000| Untracked 
|  69|0x0000000088700000, 0x0000000088700000, 0x0000000088800000|  0%| F|  |TAMS 0x0000000088700000, 0x0000000088700000| Untracked 
|  70|0x0000000088800000, 0x0000000088800000, 0x0000000088900000|  0%| F|  |TAMS 0x0000000088800000, 0x0000000088800000| Untracked 
|  71|0x0000000088900000, 0x0000000088900000, 0x0000000088a00000|  0%| F|  |TAMS 0x0000000088900000, 0x0000000088900000| Untracked 
|  72|0x0000000088a00000, 0x0000000088a00000, 0x0000000088b00000|  0%| F|  |TAMS 0x0000000088a00000, 0x0000000088a00000| Untracked 
|  73|0x0000000088b00000, 0x0000000088b00000, 0x0000000088c00000|  0%| F|  |TAMS 0x0000000088b00000, 0x0000000088b00000| Untracked 
|  74|0x0000000088c00000, 0x0000000088c00000, 0x0000000088d00000|  0%| F|  |TAMS 0x0000000088c00000, 0x0000000088c00000| Untracked 
|  75|0x0000000088d00000, 0x0000000088d00000, 0x0000000088e00000|  0%| F|  |TAMS 0x0000000088d00000, 0x0000000088d00000| Untracked 
|  76|0x0000000088e00000, 0x0000000088e00000, 0x0000000088f00000|  0%| F|  |TAMS 0x0000000088e00000, 0x0000000088e00000| Untracked 
|  77|0x0000000088f00000, 0x0000000088f00000, 0x0000000089000000|  0%| F|  |TAMS 0x0000000088f00000, 0x0000000088f00000| Untracked 
|  78|0x0000000089000000, 0x0000000089000000, 0x0000000089100000|  0%| F|  |TAMS 0x0000000089000000, 0x0000000089000000| Untracked 
|  79|0x0000000089100000, 0x0000000089100000, 0x0000000089200000|  0%| F|  |TAMS 0x0000000089100000, 0x0000000089100000| Untracked 
|  80|0x0000000089200000, 0x0000000089200000, 0x0000000089300000|  0%| F|  |TAMS 0x0000000089200000, 0x0000000089200000| Untracked 
|  81|0x0000000089300000, 0x0000000089300000, 0x0000000089400000|  0%| F|  |TAMS 0x0000000089300000, 0x0000000089300000| Untracked 
|  82|0x0000000089400000, 0x0000000089400000, 0x0000000089500000|  0%| F|  |TAMS 0x0000000089400000, 0x0000000089400000| Untracked 
|  83|0x0000000089500000, 0x0000000089500000, 0x0000000089600000|  0%| F|  |TAMS 0x0000000089500000, 0x0000000089500000| Untracked 
|  84|0x0000000089600000, 0x0000000089600000, 0x0000000089700000|  0%| F|  |TAMS 0x0000000089600000, 0x0000000089600000| Untracked 
|  85|0x0000000089700000, 0x0000000089700000, 0x0000000089800000|  0%| F|  |TAMS 0x0000000089700000, 0x0000000089700000| Untracked 
|  86|0x0000000089800000, 0x0000000089800000, 0x0000000089900000|  0%| F|  |TAMS 0x0000000089800000, 0x0000000089800000| Untracked 
|  87|0x0000000089900000, 0x0000000089900000, 0x0000000089a00000|  0%| F|  |TAMS 0x0000000089900000, 0x0000000089900000| Untracked 
|  88|0x0000000089a00000, 0x0000000089a00000, 0x0000000089b00000|  0%| F|  |TAMS 0x0000000089a00000, 0x0000000089a00000| Untracked 
|  89|0x0000000089b00000, 0x0000000089b00000, 0x0000000089c00000|  0%| F|  |TAMS 0x0000000089b00000, 0x0000000089b00000| Untracked 
|  90|0x0000000089c00000, 0x0000000089c00000, 0x0000000089d00000|  0%| F|  |TAMS 0x0000000089c00000, 0x0000000089c00000| Untracked 
|  91|0x0000000089d00000, 0x0000000089d00000, 0x0000000089e00000|  0%| F|  |TAMS 0x0000000089d00000, 0x0000000089d00000| Untracked 
|  92|0x0000000089e00000, 0x0000000089e00000, 0x0000000089f00000|  0%| F|  |TAMS 0x0000000089e00000, 0x0000000089e00000| Untracked 
|  93|0x0000000089f00000, 0x0000000089f00000, 0x000000008a000000|  0%| F|  |TAMS 0x0000000089f00000, 0x0000000089f00000| Untracked 
|  94|0x000000008a000000, 0x000000008a000000, 0x000000008a100000|  0%| F|  |TAMS 0x000000008a000000, 0x000000008a000000| Untracked 
|  95|0x000000008a100000, 0x000000008a100000, 0x000000008a200000|  0%| F|  |TAMS 0x000000008a100000, 0x000000008a100000| Untracked 
|  96|0x000000008a200000, 0x000000008a200000, 0x000000008a300000|  0%| F|  |TAMS 0x000000008a200000, 0x000000008a200000| Untracked 
|  97|0x000000008a300000, 0x000000008a3aa200, 0x000000008a400000| 66%| E|  |TAMS 0x000000008a300000, 0x000000008a300000| Complete 
|  98|0x000000008a400000, 0x000000008a500000, 0x000000008a500000|100%| E|CS|TAMS 0x000000008a400000, 0x000000008a400000| Complete 
|  99|0x000000008a500000, 0x000000008a600000, 0x000000008a600000|100%| E|CS|TAMS 0x000000008a500000, 0x000000008a500000| Complete 
| 100|0x000000008a600000, 0x000000008a700000, 0x000000008a700000|100%| E|CS|TAMS 0x000000008a600000, 0x000000008a600000| Complete 
| 101|0x000000008a700000, 0x000000008a777f38, 0x000000008a800000| 46%| S|CS|TAMS 0x000000008a700000, 0x000000008a700000| Complete 
| 102|0x000000008a800000, 0x000000008a900000, 0x000000008a900000|100%| S|CS|TAMS 0x000000008a800000, 0x000000008a800000| Complete 
| 103|0x000000008a900000, 0x000000008aa00000, 0x000000008aa00000|100%| E|CS|TAMS 0x000000008a900000, 0x000000008a900000| Complete 
| 104|0x000000008aa00000, 0x000000008ab00000, 0x000000008ab00000|100%| E|CS|TAMS 0x000000008aa00000, 0x000000008aa00000| Complete 
| 105|0x000000008ab00000, 0x000000008ac00000, 0x000000008ac00000|100%| E|CS|TAMS 0x000000008ab00000, 0x000000008ab00000| Complete 
| 106|0x000000008ac00000, 0x000000008ad00000, 0x000000008ad00000|100%| E|CS|TAMS 0x000000008ac00000, 0x000000008ac00000| Complete 
| 107|0x000000008ad00000, 0x000000008ae00000, 0x000000008ae00000|100%| E|CS|TAMS 0x000000008ad00000, 0x000000008ad00000| Complete 
| 108|0x000000008ae00000, 0x000000008af00000, 0x000000008af00000|100%| E|CS|TAMS 0x000000008ae00000, 0x000000008ae00000| Complete 
| 109|0x000000008af00000, 0x000000008b000000, 0x000000008b000000|100%| E|CS|TAMS 0x000000008af00000, 0x000000008af00000| Complete 
| 110|0x000000008b000000, 0x000000008b100000, 0x000000008b100000|100%| E|CS|TAMS 0x000000008b000000, 0x000000008b000000| Complete 
| 111|0x000000008b100000, 0x000000008b200000, 0x000000008b200000|100%| E|CS|TAMS 0x000000008b100000, 0x000000008b100000| Complete 
| 112|0x000000008b200000, 0x000000008b300000, 0x000000008b300000|100%| E|CS|TAMS 0x000000008b200000, 0x000000008b200000| Complete 
| 113|0x000000008b300000, 0x000000008b400000, 0x000000008b400000|100%| E|CS|TAMS 0x000000008b300000, 0x000000008b300000| Complete 
| 114|0x000000008b400000, 0x000000008b500000, 0x000000008b500000|100%| E|CS|TAMS 0x000000008b400000, 0x000000008b400000| Complete 
| 115|0x000000008b500000, 0x000000008b600000, 0x000000008b600000|100%| E|CS|TAMS 0x000000008b500000, 0x000000008b500000| Complete 
| 116|0x000000008b600000, 0x000000008b700000, 0x000000008b700000|100%| E|CS|TAMS 0x000000008b600000, 0x000000008b600000| Complete 
| 117|0x000000008b700000, 0x000000008b800000, 0x000000008b800000|100%| E|CS|TAMS 0x000000008b700000, 0x000000008b700000| Complete 
| 118|0x000000008b800000, 0x000000008b900000, 0x000000008b900000|100%| E|CS|TAMS 0x000000008b800000, 0x000000008b800000| Complete 
| 119|0x000000008b900000, 0x000000008ba00000, 0x000000008ba00000|100%| E|CS|TAMS 0x000000008b900000, 0x000000008b900000| Complete 
| 120|0x000000008ba00000, 0x000000008bb00000, 0x000000008bb00000|100%| E|CS|TAMS 0x000000008ba00000, 0x000000008ba00000| Complete 
| 121|0x000000008bb00000, 0x000000008bc00000, 0x000000008bc00000|100%| E|  |TAMS 0x000000008bb00000, 0x000000008bb00000| Complete 
| 122|0x000000008bc00000, 0x000000008bd00000, 0x000000008bd00000|100%| E|CS|TAMS 0x000000008bc00000, 0x000000008bc00000| Complete 
| 123|0x000000008bd00000, 0x000000008be00000, 0x000000008be00000|100%| E|CS|TAMS 0x000000008bd00000, 0x000000008bd00000| Complete 

Card table byte_map: [0x0000024a46350000,0x0000024a46730000] _byte_map_base: 0x0000024a45f2f000

Marking Bits (Prev, Next): (CMBitMap*) 0x0000024a396a9730, (CMBitMap*) 0x0000024a396a9770
 Prev Bits: [0x0000024a46b10000, 0x0000024a48a08000)
 Next Bits: [0x0000024a48a10000, 0x0000024a4a908000)

Polling page: 0x0000024a39710000

Metaspace:

Usage:
  Non-class:     14.99 MB used.
      Class:      2.30 MB used.
       Both:     17.29 MB used.

Virtual space:
  Non-class space:       16.00 MB reserved,      15.12 MB ( 95%) committed,  2 nodes.
      Class space:        1.00 GB reserved,       2.44 MB ( <1%) committed,  1 nodes.
             Both:        1.02 GB reserved,      17.56 MB (  2%) committed. 

Chunk freelists:
   Non-Class:  512.00 KB
       Class:  1.58 MB
        Both:  2.08 MB

MaxMetaspaceSize: unlimited
CompressedClassSpaceSize: 1.00 GB
Initial GC threshold: 21.00 MB
Current GC threshold: 21.00 MB
CDS: on
MetaspaceReclaimPolicy: balanced
 - commit_granule_bytes: 65536.
 - commit_granule_words: 8192.
 - virtual_space_node_default_size: 1048576.
 - enlarge_chunks_in_place: 1.
 - new_chunks_are_fully_committed: 0.
 - uncommit_free_chunks: 1.
 - use_allocation_guard: 0.
 - handle_deallocations: 1.


Internal statistics:

num_allocs_failed_limit: 0.
num_arena_births: 304.
num_arena_deaths: 0.
num_vsnodes_births: 3.
num_vsnodes_deaths: 0.
num_space_committed: 281.
num_space_uncommitted: 0.
num_chunks_returned_to_freelist: 0.
num_chunks_taken_from_freelist: 833.
num_chunk_merges: 0.
num_chunk_splits: 558.
num_chunks_enlarged: 408.
num_purges: 0.
num_inconsistent_stats: 0.

CodeCache: size=49152Kb used=5527Kb max_used=5527Kb free=43624Kb
 bounds [0x0000024a426f0000, 0x0000024a42c60000, 0x0000024a456f0000]
 total_blobs=2681 nmethods=2179 adapters=427
 compilation: enabled
              stopped_count=0, restarted_count=0
 full_count=0

Compilation events (20 events):
Event: 12.596 Thread 0x0000024a4e50dc70 2094       1       java.lang.System$2::getConstantPool (5 bytes)
Event: 12.597 Thread 0x0000024a4e50dc70 nmethod 2094 0x0000024a42c34e10 code [0x0000024a42c34fa0, 0x0000024a42c35088]
Event: 12.597 Thread 0x0000024a4e50dc70 2095       1       java.lang.System$2::getEnumConstantsShared (8 bytes)
Event: 12.597 Thread 0x0000024a4e50dc70 nmethod 2095 0x0000024a42c35110 code [0x0000024a42c352a0, 0x0000024a42c353c8]
Event: 12.598 Thread 0x0000024a4e50dc70 2096       1       jdk.internal.loader.AbstractClassLoaderValue::<init> (5 bytes)
Event: 12.598 Thread 0x0000024a4d3f63b0 2097       1       jdk.internal.loader.AbstractClassLoaderValue::sub (10 bytes)
Event: 12.598 Thread 0x0000024a4e589a50 2098       1       jdk.internal.loader.AbstractClassLoaderValue$Sub::<init> (15 bytes)
Event: 12.598 Thread 0x0000024a4e50dc70 nmethod 2096 0x0000024a42c35490 code [0x0000024a42c35620, 0x0000024a42c356d8]
Event: 12.598 Thread 0x0000024a4e50dc70 2099       1       java.lang.ClassLoader::createOrGetClassLoaderValueMap (37 bytes)
Event: 12.598 Thread 0x0000024a4e589a50 nmethod 2098 0x0000024a42c35790 code [0x0000024a42c35920, 0x0000024a42c35a78]
Event: 12.598 Thread 0x0000024a4d3f63b0 nmethod 2097 0x0000024a42c35b10 code [0x0000024a42c35ca0, 0x0000024a42c35e58]
Event: 12.599 Thread 0x0000024a4e50dc70 nmethod 2099 0x0000024a42c35f10 code [0x0000024a42c360a0, 0x0000024a42c36228]
Event: 12.601 Thread 0x0000024a4e50dc70 2100       1       java.util.LinkedHashMap::<init> (10 bytes)
Event: 12.601 Thread 0x0000024a4e50dc70 nmethod 2100 0x0000024a42c36310 code [0x0000024a42c364a0, 0x0000024a42c36578]
Event: 12.638 Thread 0x0000024a4e589a50 2101       1       java.util.jar.JarFile$JarFileEntry::getRealName (5 bytes)
Event: 12.639 Thread 0x0000024a4e589a50 nmethod 2101 0x0000024a42c36f10 code [0x0000024a42c370a0, 0x0000024a42c37178]
Event: 12.648 Thread 0x0000024a4e589a50 2102   !   1       sun.reflect.annotation.AnnotationParser::parseAnnotations (37 bytes)
Event: 12.648 Thread 0x0000024a4e589a50 nmethod 2102 0x0000024a42c37210 code [0x0000024a42c373e0, 0x0000024a42c375e8]
Event: 12.649 Thread 0x0000024a4e589a50 2103       1       org.springframework.util.ConcurrentReferenceHashMap$ReferenceManager::createReference (43 bytes)
Event: 12.649 Thread 0x0000024a4d3f63b0 2104       1       org.springframework.util.ConcurrentReferenceHashMap$SoftEntryReference::<init> (18 bytes)

GC Heap History (4 events):
Event: 11.642 GC heap before
{Heap before GC invocations=0 (full 0):
 garbage-first heap   total 126976K, used 23552K [0x0000000084200000, 0x0000000100000000)
  region size 1024K, 23 young (23552K), 0 survivors (0K)
 Metaspace       used 7576K, committed 7808K, reserved 1056768K
  class space    used 969K, committed 1088K, reserved 1048576K
}
Event: 11.660 GC heap after
{Heap after GC invocations=1 (full 0):
 garbage-first heap   total 126976K, used 7488K [0x0000000084200000, 0x0000000100000000)
  region size 1024K, 3 young (3072K), 3 survivors (3072K)
 Metaspace       used 7576K, committed 7808K, reserved 1056768K
  class space    used 969K, committed 1088K, reserved 1048576K
}
Event: 12.383 GC heap before
{Heap before GC invocations=1 (full 0):
 garbage-first heap   total 126976K, used 27968K [0x0000000084200000, 0x0000000100000000)
  region size 1024K, 24 young (24576K), 3 survivors (3072K)
 Metaspace       used 12446K, committed 12672K, reserved 1064960K
  class space    used 1668K, committed 1792K, reserved 1048576K
}
Event: 12.390 GC heap after
{Heap after GC invocations=2 (full 0):
 garbage-first heap   total 126976K, used 9102K [0x0000000084200000, 0x0000000100000000)
  region size 1024K, 2 young (2048K), 2 survivors (2048K)
 Metaspace       used 12446K, committed 12672K, reserved 1064960K
  class space    used 1668K, committed 1792K, reserved 1048576K
}

Deoptimization events (2 events):
Event: 12.508 Thread 0x0000024a39650820 DEOPT PACKING pc=0x0000024a42c20199 sp=0x000000cfc9bfd830
Event: 12.508 Thread 0x0000024a39650820 DEOPT UNPACKING pc=0x0000024a427466e3 sp=0x000000cfc9bfcd10 mode 3

Classes unloaded (0 events):
No events

Classes redefined (0 events):
No events

Internal exceptions (20 events):
Event: 11.983 Thread 0x0000024a4e7335d0 Exception <a 'java/lang/reflect/InvocationTargetException'{0x000000008b6e1ea8}> (0x000000008b6e1ea8) 
thrown [s\open\src\hotspot\share\runtime\reflection.cpp, line 1121]
Event: 12.049 Thread 0x0000024a39650820 Exception <a 'java/lang/NoSuchMethodError'{0x000000008b458920}: 'int java.lang.invoke.DirectMethodHandle$Holder.invokeVirtual(java.lang.Object, java.lang.Object)'> (0x000000008b458920) 
thrown [s\open\src\hotspot\share\interpreter\linkResolver.cpp, line 759]
Event: 12.073 Thread 0x0000024a39650820 Exception <a 'java/lang/NoSuchMethodError'{0x000000008b314ef0}: 'java.lang.Object java.lang.invoke.DirectMethodHandle$Holder.invokeSpecial(java.lang.Object, java.lang.Object, java.lang.Object, int, java.lang.Object)'> (0x000000008b314ef0) 
thrown [s\open\src\hotspot\share\interpreter\linkResolver.cpp, line 759]
Event: 12.073 Thread 0x0000024a39650820 Exception <a 'java/lang/NoSuchMethodError'{0x000000008b31d458}: 'java.lang.Object java.lang.invoke.DirectMethodHandle$Holder.newInvokeSpecial(java.lang.Object, java.lang.Object, java.lang.Object, int, java.lang.Object)'> (0x000000008b31d458) 
thrown [s\open\src\hotspot\share\interpreter\linkResolver.cpp, line 759]
Event: 12.074 Thread 0x0000024a39650820 Exception <a 'java/lang/NoSuchMethodError'{0x000000008b324e28}: 'java.lang.Object java.lang.invoke.Invokers$Holder.linkToTargetMethod(java.lang.Object, java.lang.Object, int, java.lang.Object, java.lang.Object)'> (0x000000008b324e28) 
thrown [s\open\src\hotspot\share\interpreter\linkResolver.cpp, line 759]
Event: 12.076 Thread 0x0000024a39650820 Exception <a 'java/lang/NoSuchMethodError'{0x000000008b333b60}: 'java.lang.Object java.lang.invoke.DirectMethodHandle$Holder.newInvokeSpecial(java.lang.Object, int, java.lang.Object)'> (0x000000008b333b60) 
thrown [s\open\src\hotspot\share\interpreter\linkResolver.cpp, line 759]
Event: 12.076 Thread 0x0000024a39650820 Exception <a 'java/lang/NoSuchMethodError'{0x000000008b337dd0}: 'int java.lang.invoke.DirectMethodHandle$Holder.invokeSpecialIFC(java.lang.Object, java.lang.Object, java.lang.Object, java.lang.Object)'> (0x000000008b337dd0) 
thrown [s\open\src\hotspot\share\interpreter\linkResolver.cpp, line 759]
Event: 12.103 Thread 0x0000024a39650820 Exception <a 'java/lang/NoSuchMethodError'{0x000000008b208bd0}: 'void java.lang.invoke.DirectMethodHandle$Holder.invokeInterface(java.lang.Object, java.lang.Object, java.lang.Object)'> (0x000000008b208bd0) 
thrown [s\open\src\hotspot\share\interpreter\linkResolver.cpp, line 759]
Event: 12.172 Thread 0x0000024a39650820 Exception <a 'java/lang/NoSuchMethodError'{0x000000008b1511c0}: 'void java.lang.invoke.DirectMethodHandle$Holder.invokeStatic(java.lang.Object, java.lang.Object, int)'> (0x000000008b1511c0) 
thrown [s\open\src\hotspot\share\interpreter\linkResolver.cpp, line 759]
Event: 12.174 Thread 0x0000024a39650820 Exception <a 'java/lang/NoSuchMethodError'{0x000000008b158fe8}: 'void java.lang.invoke.DirectMethodHandle$Holder.invokeStaticInit(java.lang.Object, java.lang.Object)'> (0x000000008b158fe8) 
thrown [s\open\src\hotspot\share\interpreter\linkResolver.cpp, line 759]
Event: 12.177 Thread 0x0000024a39650820 Exception <a 'java/lang/NoSuchMethodError'{0x000000008b1682e8}: 'void java.lang.invoke.DirectMethodHandle$Holder.invokeStaticInit(java.lang.Object, java.lang.Object, java.lang.Object)'> (0x000000008b1682e8) 
thrown [s\open\src\hotspot\share\interpreter\linkResolver.cpp, line 759]
Event: 12.184 Thread 0x0000024a39650820 Exception <a 'java/lang/NoSuchMethodError'{0x000000008b1a3e68}: 'java.lang.Object java.lang.invoke.DirectMethodHandle$Holder.invokeStatic(java.lang.Object, java.lang.Object, long, java.lang.Object)'> (0x000000008b1a3e68) 
thrown [s\open\src\hotspot\share\interpreter\linkResolver.cpp, line 759]
Event: 12.185 Thread 0x0000024a39650820 Exception <a 'java/lang/NoSuchMethodError'{0x000000008b1a7900}: 'java.lang.Object java.lang.invoke.DirectMethodHandle$Holder.invokeStaticInit(java.lang.Object, java.lang.Object, long, java.lang.Object)'> (0x000000008b1a7900) 
thrown [s\open\src\hotspot\share\interpreter\linkResolver.cpp, line 759]
Event: 12.185 Thread 0x0000024a39650820 Exception <a 'java/lang/NoSuchMethodError'{0x000000008b1adf10}: 'java.lang.Object java.lang.invoke.DirectMethodHandle$Holder.newInvokeSpecial(java.lang.Object, java.lang.Object, long)'> (0x000000008b1adf10) 
thrown [s\open\src\hotspot\share\interpreter\linkResolver.cpp, line 759]
Event: 12.199 Thread 0x0000024a39650820 Exception <a 'java/lang/NoSuchMethodError'{0x000000008b1fcac8}: 'void java.lang.invoke.DirectMethodHandle$Holder.invokeVirtual(java.lang.Object, java.lang.Object, java.lang.Object, java.lang.Object)'> (0x000000008b1fcac8) 
thrown [s\open\src\hotspot\share\interpreter\linkResolver.cpp, line 759]
Event: 12.255 Thread 0x0000024a39650820 Exception <a 'java/lang/NoSuchMethodError'{0x000000008af5b6d0}: 'void java.lang.invoke.DirectMethodHandle$Holder.invokeSpecial(java.lang.Object, java.lang.Object, java.lang.Object)'> (0x000000008af5b6d0) 
thrown [s\open\src\hotspot\share\interpreter\linkResolver.cpp, line 759]
Event: 12.256 Thread 0x0000024a39650820 Exception <a 'java/lang/NoSuchMethodError'{0x000000008af61ca8}: 'void java.lang.invoke.DirectMethodHandle$Holder.invokeSpecial(java.lang.Object, java.lang.Object, java.lang.Object, java.lang.Object, java.lang.Object)'> (0x000000008af61ca8) 
thrown [s\open\src\hotspot\share\interpreter\linkResolver.cpp, line 759]
Event: 12.266 Thread 0x0000024a4e971400 Exception <a 'java/lang/NoClassDefFoundError'{0x000000008afef5f8}: jakarta/validation/Validation> (0x000000008afef5f8) 
thrown [s\open\src\hotspot\share\classfile\systemDictionary.cpp, line 245]
Event: 12.267 Thread 0x0000024a39650820 Exception <a 'java/lang/IncompatibleClassChangeError'{0x000000008af8e170}: Found class java.lang.Object, but interface was expected> (0x000000008af8e170) 
thrown [s\open\src\hotspot\share\interpreter\linkResolver.cpp, line 826]
Event: 12.499 Thread 0x0000024a4e7335d0 Exception <a 'java/lang/reflect/InvocationTargetException'{0x000000008b751f58}> (0x000000008b751f58) 
thrown [s\open\src\hotspot\share\runtime\reflection.cpp, line 1121]

VM Operations (20 events):
Event: 11.642 Executing VM operation: G1CollectForAllocation
Event: 11.660 Executing VM operation: G1CollectForAllocation done
Event: 11.741 Executing VM operation: HandshakeAllThreads
Event: 11.741 Executing VM operation: HandshakeAllThreads done
Event: 12.044 Executing VM operation: HandshakeAllThreads
Event: 12.044 Executing VM operation: HandshakeAllThreads done
Event: 12.244 Executing VM operation: HandshakeAllThreads
Event: 12.244 Executing VM operation: HandshakeAllThreads done
Event: 12.251 Executing VM operation: HandshakeAllThreads
Event: 12.251 Executing VM operation: HandshakeAllThreads done
Event: 12.267 Executing VM operation: ICBufferFull
Event: 12.267 Executing VM operation: ICBufferFull done
Event: 12.383 Executing VM operation: G1CollectForAllocation
Event: 12.383 Executing VM operation: G1CollectForAllocation done
Event: 12.383 Executing VM operation: G1CollectForAllocation
Event: 12.390 Executing VM operation: G1CollectForAllocation done
Event: 12.599 Executing VM operation: HandshakeAllThreads
Event: 12.599 Executing VM operation: HandshakeAllThreads done
Event: 12.646 Executing VM operation: HandshakeAllThreads
Event: 12.646 Executing VM operation: HandshakeAllThreads done

Events (20 events):
Event: 12.632 loading class java/beans/IntrospectionException
Event: 12.634 loading class java/beans/IntrospectionException done
Event: 12.634 loading class java/beans/PropertyDescriptor
Event: 12.634 loading class java/beans/FeatureDescriptor
Event: 12.635 loading class java/beans/FeatureDescriptor done
Event: 12.635 loading class java/beans/PropertyDescriptor done
Event: 12.637 loading class java/beans/BeanInfo
Event: 12.637 loading class java/beans/BeanInfo done
Event: 12.641 loading class java/beans/MethodRef
Event: 12.641 loading class java/beans/MethodRef done
Event: 12.641 loading class java/beans/SimpleBeanInfo
Event: 12.642 loading class java/beans/SimpleBeanInfo done
Event: 12.644 loading class com/sun/beans/TypeResolver
Event: 12.644 loading class com/sun/beans/TypeResolver done
Event: 12.644 loading class com/sun/beans/WeakCache
Event: 12.645 loading class com/sun/beans/WeakCache done
Event: 12.645 loading class com/sun/beans/WildcardTypeImpl
Event: 12.646 loading class com/sun/beans/WildcardTypeImpl done
Event: 12.646 loading class java/util/AbstractList$ListItr
Event: 12.646 loading class java/util/AbstractList$ListItr done


Dynamic libraries:
0x00007ff66ae70000 - 0x00007ff66ae80000 	C:\Program Files\Java\jdk-17\bin\java.exe
0x00007ffc83610000 - 0x00007ffc83808000 	C:\Windows\SYSTEM32\ntdll.dll
0x00007ffc40ba0000 - 0x00007ffc40bc0000 	C:\Program Files\Avast Software\Avast\aswhook.dll
0x00007ffc81640000 - 0x00007ffc81702000 	C:\Windows\System32\KERNEL32.DLL
0x00007ffc81260000 - 0x00007ffc81556000 	C:\Windows\System32\KERNELBASE.dll
0x00007ffc80cb0000 - 0x00007ffc80db0000 	C:\Windows\System32\ucrtbase.dll
0x00007ffc2a020000 - 0x00007ffc2a03b000 	C:\Program Files\Java\jdk-17\bin\VCRUNTIME140.dll
0x00007ffc29980000 - 0x00007ffc29998000 	C:\Program Files\Java\jdk-17\bin\jli.dll
0x00007ffc81e60000 - 0x00007ffc81f11000 	C:\Windows\System32\ADVAPI32.dll
0x00007ffc82070000 - 0x00007ffc8210e000 	C:\Windows\System32\msvcrt.dll
0x00007ffc831d0000 - 0x00007ffc8326f000 	C:\Windows\System32\sechost.dll
0x00007ffc83360000 - 0x00007ffc83480000 	C:\Windows\System32\RPCRT4.dll
0x00007ffc80f60000 - 0x00007ffc80f87000 	C:\Windows\System32\bcrypt.dll
0x00007ffc81710000 - 0x00007ffc818ad000 	C:\Windows\System32\USER32.dll
0x00007ffc81610000 - 0x00007ffc81632000 	C:\Windows\System32\win32u.dll
0x00007ffc819f0000 - 0x00007ffc81a1b000 	C:\Windows\System32\GDI32.dll
0x00007ffc73c60000 - 0x00007ffc73efb000 	C:\Windows\WinSxS\amd64_microsoft.windows.common-controls_6595b64144ccf1df_6.0.19041.6280_none_60bc30a171f2f3f3\COMCTL32.dll
0x00007ffc810f0000 - 0x00007ffc81209000 	C:\Windows\System32\gdi32full.dll
0x00007ffc80db0000 - 0x00007ffc80e4d000 	C:\Windows\System32\msvcp_win.dll
0x00007ffc79600000 - 0x00007ffc7960a000 	C:\Windows\SYSTEM32\VERSION.dll
0x00007ffc82040000 - 0x00007ffc8206f000 	C:\Windows\System32\IMM32.DLL
0x00007ffc2c060000 - 0x00007ffc2c06c000 	C:\Program Files\Java\jdk-17\bin\vcruntime140_1.dll
0x00007ffc28e00000 - 0x00007ffc28e8e000 	C:\Program Files\Java\jdk-17\bin\msvcp140.dll
0x00007ffbdb910000 - 0x00007ffbdc4e7000 	C:\Program Files\Java\jdk-17\bin\server\jvm.dll
0x00007ffc822b0000 - 0x00007ffc822b8000 	C:\Windows\System32\PSAPI.DLL
0x00007ffc74990000 - 0x00007ffc749b7000 	C:\Windows\SYSTEM32\WINMM.dll
0x00007ffc72d60000 - 0x00007ffc72d69000 	C:\Windows\SYSTEM32\WSOCK32.dll
0x00007ffc81f20000 - 0x00007ffc81f8b000 	C:\Windows\System32\WS2_32.dll
0x00007ffc7f490000 - 0x00007ffc7f4a2000 	C:\Windows\SYSTEM32\kernel.appcore.dll
0x00007ffc2b860000 - 0x00007ffc2b86a000 	C:\Program Files\Java\jdk-17\bin\jimage.dll
0x00007ffc7e9b0000 - 0x00007ffc7ebb1000 	C:\Windows\SYSTEM32\DBGHELP.DLL
0x00007ffc76900000 - 0x00007ffc76934000 	C:\Windows\SYSTEM32\dbgcore.DLL
0x00007ffc80e50000 - 0x00007ffc80ed2000 	C:\Windows\System32\bcryptPrimitives.dll
0x00007ffc2aeb0000 - 0x00007ffc2aebe000 	C:\Program Files\Java\jdk-17\bin\instrument.dll
0x00007ffc293f0000 - 0x00007ffc29415000 	C:\Program Files\Java\jdk-17\bin\java.dll
0x00007ffc24d70000 - 0x00007ffc24e47000 	C:\Program Files\Java\jdk-17\bin\jsvml.dll
0x00007ffc828b0000 - 0x00007ffc83020000 	C:\Windows\System32\SHELL32.dll
0x00007ffc7ebc0000 - 0x00007ffc7f365000 	C:\Windows\SYSTEM32\windows.storage.dll
0x00007ffc81a20000 - 0x00007ffc81d73000 	C:\Windows\System32\combase.dll
0x00007ffc80600000 - 0x00007ffc8062b000 	C:\Windows\SYSTEM32\Wldp.dll
0x00007ffc83290000 - 0x00007ffc8335d000 	C:\Windows\System32\OLEAUT32.dll
0x00007ffc81f90000 - 0x00007ffc8203d000 	C:\Windows\System32\SHCORE.dll
0x00007ffc83510000 - 0x00007ffc8356b000 	C:\Windows\System32\shlwapi.dll
0x00007ffc80be0000 - 0x00007ffc80c04000 	C:\Windows\SYSTEM32\profapi.dll
0x00007ffc278c0000 - 0x00007ffc278d8000 	C:\Program Files\Java\jdk-17\bin\zip.dll
0x00007ffc27900000 - 0x00007ffc27919000 	C:\Program Files\Java\jdk-17\bin\net.dll
0x00007ffc7da00000 - 0x00007ffc7db0a000 	C:\Windows\SYSTEM32\WINHTTP.dll
0x00007ffc803e0000 - 0x00007ffc8044a000 	C:\Windows\system32\mswsock.dll
0x00007ffc278e0000 - 0x00007ffc278f6000 	C:\Program Files\Java\jdk-17\bin\nio.dll
0x00007ffc800d0000 - 0x00007ffc8019a000 	C:\Windows\SYSTEM32\DNSAPI.dll
0x00007ffc80090000 - 0x00007ffc800cb000 	C:\Windows\SYSTEM32\IPHLPAPI.DLL
0x00007ffc819e0000 - 0x00007ffc819e8000 	C:\Windows\System32\NSI.dll
0x00007ffc773a0000 - 0x00007ffc773aa000 	C:\Windows\System32\rasadhlp.dll
0x00007ffc76660000 - 0x00007ffc766e0000 	C:\Windows\System32\fwpuclnt.dll
0x00007ffc2b700000 - 0x00007ffc2b70a000 	C:\Program Files\Java\jdk-17\bin\management.dll
0x00007ffc262e0000 - 0x00007ffc262fa000 	C:\Program Files\JetBrains\IntelliJ IDEA 2024.2.4\bin\breakgen64.dll
0x00007ffc2b280000 - 0x00007ffc2b28b000 	C:\Program Files\Java\jdk-17\bin\management_ext.dll
0x00007ffc80640000 - 0x00007ffc80658000 	C:\Windows\SYSTEM32\CRYPTSP.dll
0x00007ffc7fcb0000 - 0x00007ffc7fce8000 	C:\Windows\system32\rsaenh.dll
0x00007ffc80b60000 - 0x00007ffc80b8e000 	C:\Windows\SYSTEM32\USERENV.dll
0x00007ffc80570000 - 0x00007ffc8057c000 	C:\Windows\SYSTEM32\CRYPTBASE.dll
0x00007ffc7a610000 - 0x00007ffc7a627000 	C:\Windows\SYSTEM32\dhcpcsvc6.DLL
0x00007ffc7a5f0000 - 0x00007ffc7a60d000 	C:\Windows\SYSTEM32\dhcpcsvc.DLL
0x00007ffc57230000 - 0x00007ffc57247000 	C:\Windows\system32\napinsp.dll
0x00007ffc57210000 - 0x00007ffc5722b000 	C:\Windows\system32\pnrpnsp.dll
0x00007ffc570b0000 - 0x00007ffc570cd000 	C:\Windows\system32\wshbth.dll
0x00007ffc7db20000 - 0x00007ffc7db3d000 	C:\Windows\system32\NLAapi.dll
0x00007ffc57090000 - 0x00007ffc570a2000 	C:\Windows\System32\winrnr.dll
0x00007ffc59730000 - 0x00007ffc59781000 	C:\Windows\SYSTEM32\pdh.dll
0x00007ffc62420000 - 0x00007ffc62485000 	C:\Windows\system32\mscoree.dll
0x00007ffc62380000 - 0x00007ffc6241b000 	C:\Windows\Microsoft.NET\Framework64\v4.0.30319\mscoreei.dll
0x00007ffc24d40000 - 0x00007ffc24d65000 	C:\Windows\Microsoft.NET\Framework64\v4.0.30319\CorperfmonExt.dll
0x00007ffc7bce0000 - 0x00007ffc7bcf4000 	C:\Windows\SYSTEM32\WTSAPI32.dll
0x00007ffc60aa0000 - 0x00007ffc60b6d000 	C:\Windows\SYSTEM32\ucrtbase_clr0400.dll
0x00007ffc66dd0000 - 0x00007ffc66ddc000 	C:\Windows\SYSTEM32\VCRUNTIME140_1_CLR0400.dll
0x00007ffc612c0000 - 0x00007ffc612db000 	C:\Windows\SYSTEM32\VCRUNTIME140_CLR0400.dll
0x00007ffc24d20000 - 0x00007ffc24d35000 	C:\Windows\system32\msscntrs.dll
0x00007ffc24cb0000 - 0x00007ffc24d11000 	C:\Windows\SYSTEM32\perf-MSSQL$MSSQLSERVER01-sqlctr15.0.2000.5.dll
0x00007ffc5b850000 - 0x00007ffc5b864000 	C:\Program Files\Microsoft SQL Server\150\Shared\instapi150.dll
0x0000000067230000 - 0x000000006727f000 	C:\Windows\SYSTEM32\perf-MSSQLSERVER-sqlctr11.0.2100.60.dll
0x0000000067680000 - 0x0000000067752000 	C:\Windows\SYSTEM32\MSVCR100.dll

dbghelp: loaded successfully - version: 4.0.5 - missing functions: none
symbol engine: initialized successfully - sym options: 0x614 - pdb path: .;C:\Program Files\Java\jdk-17\bin;C:\Windows\SYSTEM32;C:\Program Files\Avast Software\Avast;C:\Windows\WinSxS\amd64_microsoft.windows.common-controls_6595b64144ccf1df_6.0.19041.6280_none_60bc30a171f2f3f3;C:\Program Files\Java\jdk-17\bin\server;C:\Program Files\JetBrains\IntelliJ IDEA 2024.2.4\bin;C:\Windows\Microsoft.NET\Framework64\v4.0.30319;C:\Program Files\Microsoft SQL Server\150\Shared

VM Arguments:
jvm_args: -XX:TieredStopAtLevel=1 -Dspring.output.ansi.enabled=always -Dcom.sun.management.jmxremote -Dspring.jmx.enabled=true -Dspring.liveBeansView.mbeanDomain -Dspring.application.admin.enabled=true -Dmanagement.endpoints.jmx.exposure.include=* -javaagent:C:\Program Files\JetBrains\IntelliJ IDEA 2024.2.4\lib\idea_rt.jar=50829:C:\Program Files\JetBrains\IntelliJ IDEA 2024.2.4\bin -Dfile.encoding=UTF-8 
java_command: tn.esprit.spring.studycasebi.StudyCaseBiApplication
java_class_path (initial): C:\studyCaseBi\target\classes;C:\Users\mariem\.m2\repository\org\springframework\boot\spring-boot-starter-data-jpa\3.1.4\spring-boot-starter-data-jpa-3.1.4.jar;C:\Users\mariem\.m2\repository\org\springframework\boot\spring-boot-starter-aop\3.1.4\spring-boot-starter-aop-3.1.4.jar;C:\Users\mariem\.m2\repository\org\springframework\spring-aop\6.0.12\spring-aop-6.0.12.jar;C:\Users\mariem\.m2\repository\org\aspectj\aspectjweaver\1.9.20\aspectjweaver-1.9.20.jar;C:\Users\mariem\.m2\repository\org\springframework\boot\spring-boot-starter-jdbc\3.1.4\spring-boot-starter-jdbc-3.1.4.jar;C:\Users\mariem\.m2\repository\com\zaxxer\HikariCP\5.0.1\HikariCP-5.0.1.jar;C:\Users\mariem\.m2\repository\org\springframework\spring-jdbc\6.0.12\spring-jdbc-6.0.12.jar;C:\Users\mariem\.m2\repository\org\hibernate\orm\hibernate-core\6.2.9.Final\hibernate-core-6.2.9.Final.jar;C:\Users\mariem\.m2\repository\jakarta\persistence\jakarta.persistence-api\3.1.0\jakarta.persistence-api-3.1.0.jar;C:\Users\mariem\.m2\repository\jakarta\transaction\jakarta.transaction-api\2.0.1\jakarta.transaction-api-2.0.1.jar;C:\Users\mariem\.m2\repository\org\jboss\logging\jboss-logging\3.5.3.Final\jboss-logging-3.5.3.Final.jar;C:\Users\mariem\.m2\repository\org\hibernate\common\hibernate-commons-annotations\6.0.6.Final\hibernate-commons-annotations-6.0.6.Final.jar;C:\Users\mariem\.m2\repository\io\smallrye\jandex\3.0.5\jandex-3.0.5.jar;C:\Users\mariem\.m2\repository\com\fasterxml\classmate\1.5.1\classmate-1.5.1.jar;C:\Users\mariem\.m2\repository\net\bytebuddy\byte-buddy\1.14.8\byte-buddy-1.14.8.jar;C:\Users\mariem\.m2\repository\org\glassfish\jaxb\jaxb-runtime\4.0.3\jaxb-runtime-4.0.3.jar;C:\Users\mariem\.m2\repository\org\glassfish\jaxb\jaxb-core\4.0.3\jaxb-core-4.0.3.jar;C:\Users\mariem\.m2\repository\org\eclipse\angus\angus-activation\2.0.1\angus-activation-2.0.1.jar;C:\Users\mariem\.m2\repository\org\glassfish\jaxb\txw2\4.0.3\txw2-4.0.3.jar;C:\Users\mariem\.m2\repository\com\sun\istack\
Launcher Type: SUN_STANDARD

[Global flags]
     intx CICompilerCount                          = 4                                         {product} {ergonomic}
     uint ConcGCThreads                            = 2                                         {product} {ergonomic}
     uint G1ConcRefinementThreads                  = 8                                         {product} {ergonomic}
   size_t G1HeapRegionSize                         = 1048576                                   {product} {ergonomic}
    uintx GCDrainStackTargetSize                   = 64                                        {product} {ergonomic}
   size_t InitialHeapSize                          = 130023424                                 {product} {ergonomic}
     bool ManagementServer                         = true                                      {product} {command line}
   size_t MarkStackSize                            = 4194304                                   {product} {ergonomic}
   size_t MaxHeapSize                              = 2078277632                                {product} {ergonomic}
   size_t MaxNewSize                               = 1246756864                                {product} {ergonomic}
   size_t MinHeapDeltaBytes                        = 1048576                                   {product} {ergonomic}
   size_t MinHeapSize                              = 8388608                                   {product} {ergonomic}
    uintx NonProfiledCodeHeapSize                  = 0                                      {pd product} {ergonomic}
     bool ProfileInterpreter                       = false                                  {pd product} {command line}
    uintx ProfiledCodeHeapSize                     = 0                                      {pd product} {ergonomic}
   size_t SoftMaxHeapSize                          = 2078277632                             {manageable} {ergonomic}
     intx TieredStopAtLevel                        = 1                                         {product} {command line}
     bool UseCompressedClassPointers               = true                           {product lp64_product} {ergonomic}
     bool UseCompressedOops                        = true                           {product lp64_product} {ergonomic}
     bool UseG1GC                                  = true                                      {product} {ergonomic}
     bool UseLargePagesIndividualAllocation        = false                                  {pd product} {ergonomic}

Logging:
Log output configuration:
 #0: stdout all=warning uptime,level,tags
 #1: stderr all=off uptime,level,tags

Environment Variables:
PATH=C:\Program Files (x86)\VMware\VMware Workstation\bin\;C:\WinAVR-20100110\bin;C:\WinAVR-20100110\utils\bin;C:\Program Files\Common Files\Oracle\Java\javapath;C:\Windows\system32;C:\Windows;C:\Windows\System32\Wbem;C:\Windows\System32\WindowsPowerShell\v1.0\;C:\Windows\System32\OpenSSH\;C:\Program Files\nodejs\;C:\Program Files\PuTTY\;C:\xampp\php;C:\ProgramData\ComposerSetup\bin;C:\Program Files\Git\cmd;C:\Program Files\Microsoft SQL Server\Client SDK\ODBC\170\Tools\Binn\;C:\Program Files\dotnet\;c:\Program Files (x86)\Microsoft SQL Server\110\Tools\Binn\;c:\Program Files\Microsoft SQL Server\110\Tools\Binn\;c:\Program Files\Microsoft SQL Server\110\DTS\Binn\;C:\Program Files (x86)\Microsoft SQL Server\150\Tools\Binn\;C:\Program Files\Microsoft SQL Server\150\Tools\Binn\;C:\Program Files\Microsoft SQL Server\150\DTS\Binn\;C:\Program Files (x86)\Microsoft SQL Server\160\DTS\Binn\;C:\Users\mariem\scoop\shims;C:\Users\mariem\AppData\Local\Programs\Python\Python312\Scripts\;C:\Users\mariem\AppData\Local\Programs\Python\Python312\;C:\Users\mariem\AppData\Local\Microsoft\WindowsApps;C:\Users\mariem\AppData\Local\Programs\Microsoft VS Code\bin;C:\Users\mariem\Downloads\flutter_windows_3.13.6-stable\flutter\bin;C:\Users\mariem\AppData\Local\Programs\Python\Python312;C:\Users\mariem\AppData\Roaming\npm;C:\Users\mariem\AppData\Roaming\Composer\vendor\bin;C:\xampp\php;C:\Users\mariem\AppData\Local\Programs\cursor\resources\app\bin;C:\Users\mariem\.dotnet\tools
USERNAME=mariem
OS=Windows_NT
PROCESSOR_IDENTIFIER=Intel64 Family 6 Model 140 Stepping 1, GenuineIntel



---------------  S Y S T E M  ---------------

OS:
 Windows 10 , 64 bit Build 19041 (10.0.19041.5915)
OS uptime: 1 days 4:22 hours
Hyper-V role detected

CPU: total 8 (initial active 8) (4 cores per cpu, 2 threads per core) family 6 model 140 stepping 1 microcode 0xbc, cx8, cmov, fxsr, ht, mmx, 3dnowpref, sse, sse2, sse3, ssse3, sse4.1, sse4.2, popcnt, lzcnt, tsc, tscinvbit, avx, avx2, aes, erms, clmul, bmi1, bmi2, adx, avx512f, avx512dq, avx512cd, avx512bw, avx512vl, sha, fma, vzeroupper, avx512_vpopcntdq, avx512_vpclmulqdq, avx512_vaes, avx512_vnni, clflush, clflushopt, clwb, avx512_vbmi2, avx512_vbmi, hv

Memory: 4k page, system-wide physical 7926M (315M free)
TotalPageFile size 16292M (AvailPageFile size 3150M)
current process WorkingSet (physical memory assigned to process): 111M, peak: 111M
current process commit charge ("private bytes"): 243M, peak: 243M

vm_info: Java HotSpot(TM) 64-Bit Server VM (17.0.6+9-LTS-190) for windows-amd64 JRE (17.0.6+9-LTS-190), built on Dec  6 2022 15:53:54 by "mach5one" with MS VC++ 17.1 (VS2022)

END.
